2023-05-07 19:15:28,600 [ 1] INFO  Unity: LoadingManager start
2023-05-07 19:15:31,644 [ 1] INFO  Unity: DataManager > DataManager()
2023-05-07 19:15:47,555 [ 1] INFO  Unity: UserLoginRequest::user :user002 psw:123
2023-05-07 19:15:47,556 [ 1] INFO  Unity: ConnectToServer() Start 
2023-05-07 19:15:47,557 [ 1] INFO  Unity: DoConnect
2023-05-07 19:15:47,558 [ 1] INFO  Unity: NetClient.DoConnect on 127.0.0.1:8000
2023-05-07 19:15:47,561 [ 1] INFO  Unity: Connect[0] to server 127.0.0.1:8000

2023-05-07 19:15:47,570 [ 1] INFO  Unity: LoadingMesager::OnGameServerConnect :0 reason:Success
2023-05-07 19:15:47,676 [ 1] INFO  Unity: OnUserRegister:Success [None]
2023-05-07 19:15:47,676 [ 1] INFO  Unity: LoadLevel: CharSelect
2023-05-07 19:15:47,744 [ 1] INFO  Unity: LevelLoadCompleted:1
2023-05-07 19:15:48,528 [ 1] INFO  Unity: Select Char:[2]dada[Warrior]
2023-05-07 19:15:49,302 [ 1] INFO  Unity: UserGameEnterRequest::characterId :0
2023-05-07 19:15:49,328 [ 1] INFO  Unity: OnGameEnter:Success [None]
2023-05-07 19:15:49,330 [ 1] INFO  Unity: ItemMnagaer:Init[Id:1,Count:20]
2023-05-07 19:15:49,330 [ 1] INFO  Unity: ItemMnagaer:Init[Id:2,Count:20]
2023-05-07 19:15:49,336 [ 1] INFO  Unity: OnMapCharacterEnter:Map:1 Count:2
2023-05-07 19:15:49,337 [ 1] INFO  Unity: AddCharacter:1:666 Map:1 Entity:(11:pos:(5000,4000,820),dir:(100,0,0),spd:0
2023-05-07 19:15:49,340 [ 1] INFO  Unity: AddCharacter:2:dada Map:1 Entity:(12:pos:(5000,4000,820),dir:(100,0,0),spd:0
2023-05-07 19:15:49,341 [ 1] INFO  Unity: LoadLevel: MainCity
2023-05-07 19:15:49,602 [ 1] INFO  Unity: LevelLoadCompleted:1
2023-05-07 19:15:49,610 [ 1] WARN  Unity: UIMinimap Start 17730

2023-05-07 19:15:49,610 [ 1] WARN  Unity: MinimapManager.Instance.Minimap[17730] Set

2023-05-07 19:15:50,787 [ 1] INFO  Unity: SetDirection:(98, 18, 0)
2023-05-07 19:15:50,787 [ 1] INFO  Unity: MapEnityUpdateRequest:ID12 POS:(5000,4000,820) DIR:(98,18,0) SPD0
2023-05-07 19:15:50,887 [ 1] INFO  Unity: SetDirection:(93, 36, 0)
2023-05-07 19:15:50,887 [ 1] INFO  Unity: MapEnityUpdateRequest:ID12 POS:(5000,4000,820) DIR:(93,36,0) SPD0
2023-05-07 19:15:50,919 [ 1] INFO  Unity: MoveForward
2023-05-07 19:15:50,920 [ 1] INFO  Unity: MapEnityUpdateRequest:ID12 POS:(5000,4000,820) DIR:(93,36,0) SPD300
2023-05-07 19:15:50,985 [ 1] INFO  Unity: SetDirection:(84, 54, 0)
2023-05-07 19:15:50,986 [ 1] INFO  Unity: MapEnityUpdateRequest:ID12 POS:(5020,4008,820) DIR:(84,54,0) SPD300
2023-05-07 19:15:51,086 [ 1] INFO  Unity: SetDirection:(72, 69, 0)
2023-05-07 19:15:51,086 [ 1] INFO  Unity: MapEnityUpdateRequest:ID12 POS:(5044,4026,820) DIR:(72,69,0) SPD300
2023-05-07 19:15:51,256 [ 1] INFO  Unity: SetDirection:(59, 81, 0)
2023-05-07 19:15:51,256 [ 1] INFO  Unity: MapEnityUpdateRequest:ID12 POS:(5084,4056,820) DIR:(59,81,0) SPD300
2023-05-07 19:15:51,403 [ 1] INFO  Unity: SetDirection:(44, 90, 0)
2023-05-07 19:15:51,403 [ 1] INFO  Unity: MapEnityUpdateRequest:ID12 POS:(5111,4092,820) DIR:(44,90,0) SPD300
2023-05-07 19:15:51,719 [ 1] INFO  Unity: Stop
2023-05-07 19:15:51,720 [ 1] INFO  Unity: MapEnityUpdateRequest:ID12 POS:(5149,4187,820) DIR:(44,90,0) SPD0
2023-05-07 19:15:53,639 [ 1] INFO  Unity: OnEntityChanged :ID:11 POS:(5000, 4000, 820) DIR:(98, -17, 0) SPD:0 
2023-05-07 19:15:53,639 [ 1] INFO  Unity: MapEntityUpdateResponse:Entity:1
   [11evt:None entity:(11:pos:(5000,4000,820),dir:(98,-17,0),spd:0

2023-05-07 19:15:53,737 [ 1] INFO  Unity: OnEntityChanged :ID:11 POS:(5000, 4000, 820) DIR:(94, -35, 0) SPD:0 
2023-05-07 19:15:53,738 [ 1] INFO  Unity: MapEntityUpdateResponse:Entity:1
   [11evt:None entity:(11:pos:(5000,4000,820),dir:(94,-35,0),spd:0

2023-05-07 19:15:53,788 [ 1] INFO  Unity: OnEntityChanged :ID:11 POS:(5000, 4000, 820) DIR:(94, -35, 0) SPD:300 
2023-05-07 19:15:53,788 [ 1] INFO  Unity: MapEntityUpdateResponse:Entity:1
   [11evt:MoveFwd entity:(11:pos:(5000,4000,820),dir:(94,-35,0),spd:300

2023-05-07 19:15:53,829 [ 1] INFO  Unity: OnEntityChanged :ID:11 POS:(5015, 3994, 820) DIR:(84, -54, 0) SPD:300 
2023-05-07 19:15:53,829 [ 1] INFO  Unity: MapEntityUpdateResponse:Entity:1
   [11evt:None entity:(11:pos:(5015,3994,820),dir:(84,-54,0),spd:300

2023-05-07 19:15:53,929 [ 1] INFO  Unity: OnEntityChanged :ID:11 POS:(5039, 3976, 820) DIR:(72, -70, 0) SPD:300 
2023-05-07 19:15:53,929 [ 1] INFO  Unity: MapEntityUpdateResponse:Entity:1
   [11evt:None entity:(11:pos:(5039,3976,820),dir:(72,-70,0),spd:300

2023-05-07 19:15:54,045 [ 1] INFO  Unity: OnEntityChanged :ID:11 POS:(5067, 3948, 820) DIR:(58, -81, 0) SPD:300 
2023-05-07 19:15:54,045 [ 1] INFO  Unity: MapEntityUpdateResponse:Entity:1
   [11evt:None entity:(11:pos:(5067,3948,820),dir:(58,-81,0),spd:300

2023-05-07 19:15:54,203 [ 1] INFO  Unity: OnEntityChanged :ID:11 POS:(5094, 3912, 820) DIR:(41, -91, 0) SPD:300 
2023-05-07 19:15:54,204 [ 1] INFO  Unity: MapEntityUpdateResponse:Entity:1
   [11evt:None entity:(11:pos:(5094,3912,820),dir:(41,-91,0),spd:300

2023-05-07 19:15:54,304 [ 1] INFO  Unity: OnEntityChanged :ID:11 POS:(5106, 3882, 820) DIR:(22, -98, 0) SPD:300 
2023-05-07 19:15:54,304 [ 1] INFO  Unity: MapEntityUpdateResponse:Entity:1
   [11evt:None entity:(11:pos:(5106,3882,820),dir:(22,-98,0),spd:300

2023-05-07 19:15:54,405 [ 1] INFO  Unity: OnEntityChanged :ID:11 POS:(5112, 3852, 820) DIR:(3, -100, 0) SPD:300 
2023-05-07 19:15:54,405 [ 1] INFO  Unity: MapEntityUpdateResponse:Entity:1
   [11evt:None entity:(11:pos:(5112,3852,820),dir:(3,-100,0),spd:300

2023-05-07 19:15:54,588 [ 1] INFO  Unity: OnEntityChanged :ID:11 POS:(5112, 3797, 820) DIR:(-15, -99, 0) SPD:300 
2023-05-07 19:15:54,588 [ 1] INFO  Unity: MapEntityUpdateResponse:Entity:1
   [11evt:None entity:(11:pos:(5112,3797,820),dir:(-15,-99,0),spd:300

2023-05-07 19:15:54,664 [ 1] INFO  Unity: OnEntityChanged :ID:11 POS:(5108, 3777, 820) DIR:(-15, -99, 0) SPD:0 
2023-05-07 19:15:54,664 [ 1] INFO  Unity: MapEntityUpdateResponse:Entity:1
   [11evt:Idle entity:(11:pos:(5108,3777,820),dir:(-15,-99,0),spd:0

2023-05-07 19:15:58,320 [ 1] INFO  Unity: SetDirection:(25, 97, 0)
2023-05-07 19:15:58,320 [ 1] INFO  Unity: MapEnityUpdateRequest:ID12 POS:(5149,4187,820) DIR:(25,97,0) SPD0
2023-05-07 19:15:58,420 [ 1] INFO  Unity: SetDirection:(5, 100, 0)
2023-05-07 19:15:58,420 [ 1] INFO  Unity: MapEnityUpdateRequest:ID12 POS:(5149,4187,820) DIR:(5,100,0) SPD0
2023-05-07 19:15:58,503 [ 1] INFO  Unity: SetDirection:(-13, 99, 0)
2023-05-07 19:15:58,503 [ 1] INFO  Unity: MapEnityUpdateRequest:ID12 POS:(5149,4187,820) DIR:(-13,99,0) SPD0
2023-05-07 19:15:58,603 [ 1] INFO  Unity: SetDirection:(-33, 94, 0)
2023-05-07 19:15:58,603 [ 1] INFO  Unity: MapEnityUpdateRequest:ID12 POS:(5149,4187,820) DIR:(-33,94,0) SPD0
2023-05-07 19:15:58,703 [ 1] INFO  Unity: SetDirection:(-49, 87, 0)
2023-05-07 19:15:58,703 [ 1] INFO  Unity: MapEnityUpdateRequest:ID12 POS:(5149,4187,820) DIR:(-49,87,0) SPD0
2023-05-07 19:15:59,054 [ 1] INFO  Unity: SetDirection:(-64, 77, 0)
2023-05-07 19:15:59,054 [ 1] INFO  Unity: MapEnityUpdateRequest:ID12 POS:(5149,4187,820) DIR:(-64,77,0) SPD0
2023-05-07 19:15:59,238 [ 1] INFO  Unity: SetDirection:(-77, 64, 0)
2023-05-07 19:15:59,238 [ 1] INFO  Unity: MapEnityUpdateRequest:ID12 POS:(5149,4187,820) DIR:(-77,64,0) SPD0
2023-05-07 19:15:59,338 [ 1] INFO  Unity: SetDirection:(-87, 49, 0)
2023-05-07 19:15:59,338 [ 1] INFO  Unity: MapEnityUpdateRequest:ID12 POS:(5149,4187,820) DIR:(-87,49,0) SPD0
2023-05-07 19:15:59,421 [ 1] INFO  Unity: SetDirection:(-94, 33, 0)
2023-05-07 19:15:59,421 [ 1] INFO  Unity: MapEnityUpdateRequest:ID12 POS:(5149,4187,820) DIR:(-94,33,0) SPD0
2023-05-07 19:15:59,503 [ 1] INFO  Unity: SetDirection:(-99, 16, 0)
2023-05-07 19:15:59,503 [ 1] INFO  Unity: MapEnityUpdateRequest:ID12 POS:(5149,4187,820) DIR:(-99,16,0) SPD0
2023-05-07 19:15:59,604 [ 1] INFO  Unity: SetDirection:(-100, -5, 0)
2023-05-07 19:15:59,604 [ 1] INFO  Unity: MapEnityUpdateRequest:ID12 POS:(5149,4187,820) DIR:(-100,-5,0) SPD0
2023-05-07 19:15:59,704 [ 1] INFO  Unity: SetDirection:(-97, -26, 0)
2023-05-07 19:15:59,705 [ 1] INFO  Unity: MapEnityUpdateRequest:ID12 POS:(5149,4187,820) DIR:(-97,-26,0) SPD0
2023-05-07 19:15:59,804 [ 1] INFO  Unity: SetDirection:(-89, -45, 0)
2023-05-07 19:15:59,804 [ 1] INFO  Unity: MapEnityUpdateRequest:ID12 POS:(5149,4187,820) DIR:(-89,-45,0) SPD0
2023-05-07 19:15:59,905 [ 1] INFO  Unity: SetDirection:(-78, -63, 0)
2023-05-07 19:15:59,905 [ 1] INFO  Unity: MapEnityUpdateRequest:ID12 POS:(5149,4187,820) DIR:(-78,-63,0) SPD0
2023-05-07 19:16:00,004 [ 1] INFO  Unity: SetDirection:(-63, -77, 0)
2023-05-07 19:16:00,005 [ 1] INFO  Unity: MapEnityUpdateRequest:ID12 POS:(5149,4187,820) DIR:(-63,-77,0) SPD0
2023-05-07 19:16:00,089 [ 1] INFO  Unity: SetDirection:(-49, -87, 0)
2023-05-07 19:16:00,089 [ 1] INFO  Unity: MapEnityUpdateRequest:ID12 POS:(5149,4187,820) DIR:(-49,-87,0) SPD0
2023-05-07 19:16:00,171 [ 1] INFO  Unity: SetDirection:(-33, -94, 0)
2023-05-07 19:16:00,171 [ 1] INFO  Unity: MapEnityUpdateRequest:ID12 POS:(5149,4187,820) DIR:(-33,-94,0) SPD0
2023-05-07 19:16:00,253 [ 1] INFO  Unity: SetDirection:(-16, -99, 0)
2023-05-07 19:16:00,254 [ 1] INFO  Unity: MapEnityUpdateRequest:ID12 POS:(5149,4187,820) DIR:(-16,-99,0) SPD0
2023-05-07 19:16:00,354 [ 1] INFO  Unity: SetDirection:(5, -100, 0)
2023-05-07 19:16:00,354 [ 1] INFO  Unity: MapEnityUpdateRequest:ID12 POS:(5149,4187,820) DIR:(5,-100,0) SPD0
2023-05-07 19:16:00,455 [ 1] INFO  Unity: SetDirection:(26, -97, 0)
2023-05-07 19:16:00,455 [ 1] INFO  Unity: MapEnityUpdateRequest:ID12 POS:(5149,4187,820) DIR:(26,-97,0) SPD0
2023-05-07 19:16:00,555 [ 1] INFO  Unity: SetDirection:(45, -89, 0)
2023-05-07 19:16:00,555 [ 1] INFO  Unity: MapEnityUpdateRequest:ID12 POS:(5149,4187,820) DIR:(45,-89,0) SPD0
2023-05-07 19:16:00,654 [ 1] INFO  Unity: SetDirection:(63, -78, 0)
2023-05-07 19:16:00,654 [ 1] INFO  Unity: MapEnityUpdateRequest:ID12 POS:(5149,4187,820) DIR:(63,-78,0) SPD0
2023-05-07 19:16:00,753 [ 1] INFO  Unity: SetDirection:(77, -63, 0)
2023-05-07 19:16:00,753 [ 1] INFO  Unity: MapEnityUpdateRequest:ID12 POS:(5149,4187,820) DIR:(77,-63,0) SPD0
2023-05-07 19:16:00,870 [ 1] INFO  Unity: SetDirection:(87, -49, 0)
2023-05-07 19:16:00,870 [ 1] INFO  Unity: MapEnityUpdateRequest:ID12 POS:(5149,4187,820) DIR:(87,-49,0) SPD0
2023-05-07 19:16:01,554 [ 1] INFO  Unity: MoveForward
2023-05-07 19:16:01,554 [ 1] INFO  Unity: MapEnityUpdateRequest:ID12 POS:(5149,4187,820) DIR:(87,-49,0) SPD300
2023-05-07 19:16:02,129 [ 1] INFO  Unity: SetDirection:(76, -65, 0)
2023-05-07 19:16:02,129 [ 1] INFO  Unity: MapEnityUpdateRequest:ID12 POS:(5285,4119,820) DIR:(76,-65,0) SPD300
2023-05-07 19:16:02,144 [ 1] INFO  Unity: Stop
2023-05-07 19:16:02,144 [ 1] INFO  Unity: MapEnityUpdateRequest:ID12 POS:(5289,4116,820) DIR:(76,-65,0) SPD0
2023-05-07 19:16:02,229 [ 1] INFO  Unity: SetDirection:(61, -79, 0)
2023-05-07 19:16:02,229 [ 1] INFO  Unity: MapEnityUpdateRequest:ID12 POS:(5289,4116,820) DIR:(61,-79,0) SPD0
2023-05-07 19:16:02,329 [ 1] INFO  Unity: SetDirection:(44, -90, 0)
2023-05-07 19:16:02,329 [ 1] INFO  Unity: MapEnityUpdateRequest:ID12 POS:(5289,4116,820) DIR:(44,-90,0) SPD0
2023-05-07 19:16:02,355 [ 1] INFO  Unity: MoveForward
2023-05-07 19:16:02,355 [ 1] INFO  Unity: MapEnityUpdateRequest:ID12 POS:(5289,4116,820) DIR:(44,-90,0) SPD300
2023-05-07 19:16:02,413 [ 1] INFO  Unity: SetDirection:(27, -96, 0)
2023-05-07 19:16:02,413 [ 1] INFO  Unity: MapEnityUpdateRequest:ID12 POS:(5295,4101,820) DIR:(27,-96,0) SPD300
2023-05-07 19:16:02,512 [ 1] INFO  Unity: SetDirection:(7, -100, 0)
2023-05-07 19:16:02,512 [ 1] INFO  Unity: MapEnityUpdateRequest:ID12 POS:(5301,4071,820) DIR:(7,-100,0) SPD300
2023-05-07 19:16:02,596 [ 1] INFO  Unity: SetDirection:(-11, -99, 0)
2023-05-07 19:16:02,596 [ 1] INFO  Unity: MapEnityUpdateRequest:ID12 POS:(5301,4046,820) DIR:(-11,-99,0) SPD300
2023-05-07 19:16:02,696 [ 1] INFO  Unity: SetDirection:(-31, -95, 0)
2023-05-07 19:16:02,696 [ 1] INFO  Unity: MapEnityUpdateRequest:ID12 POS:(5295,4016,820) DIR:(-31,-95,0) SPD300
2023-05-07 19:16:02,796 [ 1] INFO  Unity: SetDirection:(-48, -88, 0)
2023-05-07 19:16:02,796 [ 1] INFO  Unity: MapEnityUpdateRequest:ID12 POS:(5283,3986,820) DIR:(-48,-88,0) SPD300
2023-05-07 19:16:02,990 [ 1] INFO  Unity: SetDirection:(-63, -78, 0)
2023-05-07 19:16:02,990 [ 1] INFO  Unity: MapEnityUpdateRequest:ID12 POS:(5259,3938,820) DIR:(-63,-78,0) SPD300
2023-05-07 19:16:03,495 [ 1] INFO  Unity: SetDirection:(-77, -64, 0)
2023-05-07 19:16:03,495 [ 1] INFO  Unity: MapEnityUpdateRequest:ID12 POS:(5169,3818,820) DIR:(-77,-64,0) SPD300
2023-05-07 19:16:03,596 [ 1] INFO  Unity: SetDirection:(-88, -48, 0)
2023-05-07 19:16:03,596 [ 1] INFO  Unity: MapEnityUpdateRequest:ID12 POS:(5145,3800,820) DIR:(-88,-48,0) SPD300
2023-05-07 19:16:03,695 [ 1] INFO  Unity: SetDirection:(-96, -29, 0)
2023-05-07 19:16:03,695 [ 1] INFO  Unity: MapEnityUpdateRequest:ID12 POS:(5121,3788,820) DIR:(-96,-29,0) SPD300
2023-05-07 19:16:03,794 [ 1] INFO  Unity: SetDirection:(-99, -12, 0)
2023-05-07 19:16:03,794 [ 1] INFO  Unity: MapEnityUpdateRequest:ID12 POS:(5091,3782,820) DIR:(-99,-12,0) SPD300
2023-05-07 19:16:03,930 [ 1] INFO  Unity: Stop
2023-05-07 19:16:03,930 [ 1] INFO  Unity: MapEnityUpdateRequest:ID12 POS:(5051,3774,820) DIR:(-99,-12,0) SPD0
2023-05-07 19:16:05,872 [ 1] INFO  Unity: OnEntityChanged :ID:11 POS:(5108, 3777, 820) DIR:(-32, -95, 0) SPD:0 
2023-05-07 19:16:05,872 [ 1] INFO  Unity: MapEntityUpdateResponse:Entity:1
   [11evt:None entity:(11:pos:(5108,3777,820),dir:(-32,-95,0),spd:0

2023-05-07 19:16:05,972 [ 1] INFO  Unity: OnEntityChanged :ID:11 POS:(5108, 3777, 820) DIR:(-49, -87, 0) SPD:0 
2023-05-07 19:16:05,972 [ 1] INFO  Unity: MapEntityUpdateResponse:Entity:1
   [11evt:None entity:(11:pos:(5108,3777,820),dir:(-49,-87,0),spd:0

2023-05-07 19:16:06,079 [ 1] INFO  Unity: OnEntityChanged :ID:11 POS:(5108, 3777, 820) DIR:(-66, -75, 0) SPD:0 
2023-05-07 19:16:06,080 [ 1] INFO  Unity: MapEntityUpdateResponse:Entity:1
   [11evt:None entity:(11:pos:(5108,3777,820),dir:(-66,-75,0),spd:0

2023-05-07 19:16:06,180 [ 1] INFO  Unity: OnEntityChanged :ID:11 POS:(5108, 3777, 820) DIR:(-80, -60, 0) SPD:0 
2023-05-07 19:16:06,180 [ 1] INFO  Unity: MapEntityUpdateResponse:Entity:1
   [11evt:None entity:(11:pos:(5108,3777,820),dir:(-80,-60,0),spd:0

2023-05-07 19:16:06,272 [ 1] INFO  Unity: OnEntityChanged :ID:11 POS:(5108, 3777, 820) DIR:(-91, -42, 0) SPD:0 
2023-05-07 19:16:06,272 [ 1] INFO  Unity: MapEntityUpdateResponse:Entity:1
   [11evt:None entity:(11:pos:(5108,3777,820),dir:(-91,-42,0),spd:0

2023-05-07 19:16:06,379 [ 1] INFO  Unity: OnEntityChanged :ID:11 POS:(5108, 3777, 820) DIR:(-97, -22, 0) SPD:0 
2023-05-07 19:16:06,380 [ 1] INFO  Unity: MapEntityUpdateResponse:Entity:1
   [11evt:None entity:(11:pos:(5108,3777,820),dir:(-97,-22,0),spd:0

2023-05-07 19:16:06,480 [ 1] INFO  Unity: OnEntityChanged :ID:11 POS:(5108, 3777, 820) DIR:(-100, -2, 0) SPD:0 
2023-05-07 19:16:06,480 [ 1] INFO  Unity: MapEntityUpdateResponse:Entity:1
   [11evt:None entity:(11:pos:(5108,3777,820),dir:(-100,-2,0),spd:0

2023-05-07 19:16:06,555 [ 1] INFO  Unity: OnEntityChanged :ID:11 POS:(5108, 3777, 820) DIR:(-99, 16, 0) SPD:0 
2023-05-07 19:16:06,555 [ 1] INFO  Unity: MapEntityUpdateResponse:Entity:1
   [11evt:None entity:(11:pos:(5108,3777,820),dir:(-99,16,0),spd:0

2023-05-07 19:16:06,663 [ 1] INFO  Unity: OnEntityChanged :ID:11 POS:(5108, 3777, 820) DIR:(-93, 36, 0) SPD:0 
2023-05-07 19:16:06,663 [ 1] INFO  Unity: MapEntityUpdateResponse:Entity:1
   [11evt:None entity:(11:pos:(5108,3777,820),dir:(-93,36,0),spd:0

2023-05-07 19:16:06,763 [ 1] INFO  Unity: OnEntityChanged :ID:11 POS:(5108, 3777, 820) DIR:(-84, 55, 0) SPD:0 
2023-05-07 19:16:06,763 [ 1] INFO  Unity: MapEntityUpdateResponse:Entity:1
   [11evt:None entity:(11:pos:(5108,3777,820),dir:(-84,55,0),spd:0

2023-05-07 19:16:06,870 [ 1] INFO  Unity: OnEntityChanged :ID:11 POS:(5108, 3777, 820) DIR:(-71, 71, 0) SPD:0 
2023-05-07 19:16:06,870 [ 1] INFO  Unity: MapEntityUpdateResponse:Entity:1
   [11evt:None entity:(11:pos:(5108,3777,820),dir:(-71,71,0),spd:0

2023-05-07 19:16:06,938 [ 1] INFO  Unity: OnEntityChanged :ID:11 POS:(5108, 3777, 820) DIR:(-57, 82, 0) SPD:0 
2023-05-07 19:16:06,938 [ 1] INFO  Unity: MapEntityUpdateResponse:Entity:1
   [11evt:None entity:(11:pos:(5108,3777,820),dir:(-57,82,0),spd:0

2023-05-07 19:16:07,047 [ 1] INFO  Unity: OnEntityChanged :ID:11 POS:(5108, 3777, 820) DIR:(-39, 92, 0) SPD:300 
2023-05-07 19:16:07,047 [ 1] INFO  Unity: MapEntityUpdateResponse:Entity:1
   [11evt:MoveFwd entity:(11:pos:(5108,3777,820),dir:(-39,92,0),spd:300

2023-05-07 19:16:07,070 [ 1] INFO  Unity: OnEntityChanged :ID:11 POS:(5108, 3777, 820) DIR:(-39, 92, 0) SPD:300 
2023-05-07 19:16:07,070 [ 1] INFO  Unity: MapEntityUpdateResponse:Entity:1
   [11evt:None entity:(11:pos:(5108,3777,820),dir:(-39,92,0),spd:300

2023-05-07 19:16:07,121 [ 1] INFO  Unity: OnEntityChanged :ID:11 POS:(5098, 3802, 820) DIR:(-22, 97, 0) SPD:300 
2023-05-07 19:16:07,121 [ 1] INFO  Unity: MapEntityUpdateResponse:Entity:1
   [11evt:None entity:(11:pos:(5098,3802,820),dir:(-22,97,0),spd:300

2023-05-07 19:16:07,230 [ 1] INFO  Unity: OnEntityChanged :ID:11 POS:(5092, 3832, 820) DIR:(-2, 100, 0) SPD:300 
2023-05-07 19:16:07,230 [ 1] INFO  Unity: MapEntityUpdateResponse:Entity:1
   [11evt:None entity:(11:pos:(5092,3832,820),dir:(-2,100,0),spd:300

2023-05-07 19:16:07,379 [ 1] INFO  Unity: OnEntityChanged :ID:11 POS:(5092, 3877, 820) DIR:(16, 99, 0) SPD:300 
2023-05-07 19:16:07,379 [ 1] INFO  Unity: MapEntityUpdateResponse:Entity:1
   [11evt:None entity:(11:pos:(5092,3877,820),dir:(16,99,0),spd:300

2023-05-07 19:16:08,422 [ 1] INFO  Unity: OnEntityChanged :ID:11 POS:(5154, 4187, 820) DIR:(16, 99, 0) SPD:0 
2023-05-07 19:16:08,422 [ 1] INFO  Unity: MapEntityUpdateResponse:Entity:1
   [11evt:Idle entity:(11:pos:(5154,4187,820),dir:(16,99,0),spd:0

2023-05-07 19:16:20,930 [ 1] INFO  Unity: SendFriendRemoveRequest
2023-05-07 19:16:20,948 [ 1] INFO  Unity: OnFriendList
2023-05-07 19:16:24,346 [ 1] INFO  Unity: SendFriendAdd
2023-05-07 19:16:26,960 [ 1] INFO  Unity: OnFriendList
2023-05-07 19:16:46,440 [ 1] INFO  Unity: OnMapCharacterLeave:CharID:11
2023-05-07 19:16:46,441 [ 1] INFO  Unity: RemoveCharacter:11
2023-05-07 19:16:46,441 [ 1] INFO  Unity: OnFriendList
2023-05-07 19:16:50,291 [ 1] INFO  Unity: Character_1_666 OnDestroy :ID:11 POS:(5154, 4187, 820) DIR:(16, 99, 0) SPD:0 
2023-05-07 19:16:50,291 [ 1] INFO  Unity: Character_2_dada OnDestroy :ID:12 POS:(5051, 3774, 820) DIR:(-99, -12, 0) SPD:0 
2023-05-07 19:16:50,291 [ 1] INFO  Unity: OnDestroy NetworkManager.
2023-05-07 19:16:50,292 [ 1] WARN  Unity: CloseConnection(), errorCode: 1007

