2023-06-18 09:55:16,734 [ 1] INFO  Unity: LoadingManager start
2023-06-18 09:55:19,748 [ 1] INFO  Unity: DataManager > DataManager()
2023-06-18 09:55:34,014 [ 1] INFO  Unity: UserLoginRequest::user :user001 psw:123
2023-06-18 09:55:34,015 [ 1] INFO  Unity: ConnectToServer() Start 
2023-06-18 09:55:34,016 [ 1] INFO  Unity: DoConnect
2023-06-18 09:55:34,017 [ 1] INFO  Unity: NetClient.DoConnect on 127.0.0.1:8000
2023-06-18 09:55:34,020 [ 1] INFO  Unity: Connect[0] to server 127.0.0.1:8000

2023-06-18 09:55:34,025 [ 1] INFO  Unity: LoadingMesager::OnGameServerConnect :0 reason:Success
2023-06-18 09:55:34,089 [ 1] INFO  Unity: OnUserRegister:Success [None]
2023-06-18 09:55:34,089 [ 1] INFO  Unity: LoadLevel: CharSelect
2023-06-18 09:55:34,140 [ 1] INFO  Unity: LevelLoadCompleted:1
2023-06-18 09:55:35,650 [ 1] INFO  Unity: Select Char:[1]666[Warrior]
2023-06-18 09:55:36,413 [ 1] INFO  Unity: UserGameEnterRequest::characterId :0
2023-06-18 09:55:36,431 [ 1] INFO  Unity: OnGameEnter:Success [None]
2023-06-18 09:55:36,432 [ 1] INFO  Unity: ItemMnagaer:Init[Id:1,Count:21]
2023-06-18 09:55:36,432 [ 1] INFO  Unity: ItemMnagaer:Init[Id:2,Count:20]
2023-06-18 09:55:36,432 [ 1] INFO  Unity: ItemMnagaer:Init[Id:1001,Count:1]
2023-06-18 09:55:36,436 [ 1] INFO  Unity: OnMapCharacterEnter:Map:1 Count:1
2023-06-18 09:55:36,437 [ 1] INFO  Unity: AddCharacter:1:666 Map:1 Entity:(7:pos:(5000,4000,820),dir:(100,0,0),spd:0
2023-06-18 09:55:36,438 [ 1] INFO  Unity: LoadLevel: MainCity
2023-06-18 09:55:36,618 [ 1] INFO  Unity: LevelLoadCompleted:1
2023-06-18 09:55:36,623 [ 1] WARN  Unity: UIMinimap Start 18158

2023-06-18 09:55:36,623 [ 1] WARN  Unity: MinimapManager.Instance.Minimap[18158] Set

2023-06-18 09:55:37,540 [ 1] INFO  Unity: SetDirection:(98, 18, 0)
2023-06-18 09:55:37,541 [ 1] INFO  Unity: MapEnityUpdateRequest:ID7 POS:(5000,4000,820) DIR:(98,18,0) SPD0
2023-06-18 09:55:37,637 [ 1] INFO  Unity: SetDirection:(93, 36, 0)
2023-06-18 09:55:37,637 [ 1] INFO  Unity: MapEnityUpdateRequest:ID7 POS:(5000,4000,820) DIR:(93,36,0) SPD0
2023-06-18 09:55:37,741 [ 1] INFO  Unity: SetDirection:(84, 55, 0)
2023-06-18 09:55:37,741 [ 1] INFO  Unity: MapEnityUpdateRequest:ID7 POS:(5000,4000,820) DIR:(84,55,0) SPD0
2023-06-18 09:55:37,772 [ 1] INFO  Unity: MoveForward
2023-06-18 09:55:37,772 [ 1] INFO  Unity: MapEnityUpdateRequest:ID7 POS:(5000,4000,820) DIR:(84,55,0) SPD300
2023-06-18 09:55:37,838 [ 1] INFO  Unity: SetDirection:(71, 70, 0)
2023-06-18 09:55:37,838 [ 1] INFO  Unity: MapEnityUpdateRequest:ID7 POS:(5016,4012,820) DIR:(71,70,0) SPD300
2023-06-18 09:55:37,941 [ 1] INFO  Unity: Stop
2023-06-18 09:55:37,941 [ 1] INFO  Unity: MapEnityUpdateRequest:ID7 POS:(5040,4036,820) DIR:(71,70,0) SPD0
2023-06-18 09:55:37,977 [ 1] INFO  Unity: SetDirection:(57, 82, 0)
2023-06-18 09:55:37,977 [ 1] INFO  Unity: MapEnityUpdateRequest:ID7 POS:(5040,4036,820) DIR:(57,82,0) SPD0
2023-06-18 09:55:49,220 [ 1] INFO  Unity: OnMapCharacterEnter:Map:1 Count:1
2023-06-18 09:55:49,221 [ 1] INFO  Unity: AddCharacter:2:dada Map:1 Entity:(8:pos:(5000,4000,820),dir:(100,0,0),spd:0
2023-06-18 09:55:49,221 [ 1] INFO  Unity: OnFriendList
2023-06-18 09:55:50,815 [ 1] INFO  Unity: OnEntityChanged :ID:8 POS:(5000, 4000, 820) DIR:(98, 19, 0) SPD:0 
2023-06-18 09:55:50,815 [ 1] INFO  Unity: MapEntityUpdateResponse:Entity:1
   [8evt:None entity:(8:pos:(5000,4000,820),dir:(98,19,0),spd:0

2023-06-18 09:55:50,910 [ 1] INFO  Unity: OnEntityChanged :ID:8 POS:(5000, 4000, 820) DIR:(93, 37, 0) SPD:0 
2023-06-18 09:55:50,910 [ 1] INFO  Unity: MapEntityUpdateResponse:Entity:1
   [8evt:None entity:(8:pos:(5000,4000,820),dir:(93,37,0),spd:0

2023-06-18 09:55:50,988 [ 1] INFO  Unity: OnEntityChanged :ID:8 POS:(5000, 4000, 820) DIR:(85, 53, 0) SPD:0 
2023-06-18 09:55:50,990 [ 1] INFO  Unity: MapEntityUpdateResponse:Entity:1
   [8evt:None entity:(8:pos:(5000,4000,820),dir:(85,53,0),spd:0

2023-06-18 09:55:51,008 [ 1] INFO  Unity: OnEntityChanged :ID:8 POS:(5000, 4000, 820) DIR:(85, 53, 0) SPD:300 
2023-06-18 09:55:51,008 [ 1] INFO  Unity: MapEntityUpdateResponse:Entity:1
   [8evt:MoveFwd entity:(8:pos:(5000,4000,820),dir:(85,53,0),spd:300

2023-06-18 09:55:51,092 [ 1] INFO  Unity: OnEntityChanged :ID:8 POS:(5020, 4015, 820) DIR:(72, 69, 0) SPD:300 
2023-06-18 09:55:51,092 [ 1] INFO  Unity: MapEntityUpdateResponse:Entity:1
   [8evt:None entity:(8:pos:(5020,4015,820),dir:(72,69,0),spd:300

2023-06-18 09:55:51,177 [ 1] INFO  Unity: OnEntityChanged :ID:8 POS:(5040, 4030, 820) DIR:(59, 81, 0) SPD:300 
2023-06-18 09:55:51,177 [ 1] INFO  Unity: MapEntityUpdateResponse:Entity:1
   [8evt:None entity:(8:pos:(5040,4030,820),dir:(59,81,0),spd:300

2023-06-18 09:55:51,273 [ 1] INFO  Unity: OnEntityChanged :ID:8 POS:(5058, 4054, 820) DIR:(41, 91, 0) SPD:300 
2023-06-18 09:55:51,274 [ 1] INFO  Unity: MapEntityUpdateResponse:Entity:1
   [8evt:None entity:(8:pos:(5058,4054,820),dir:(41,91,0),spd:300

2023-06-18 09:55:51,359 [ 1] INFO  Unity: OnEntityChanged :ID:8 POS:(5068, 4079, 820) DIR:(24, 97, 0) SPD:300 
2023-06-18 09:55:51,359 [ 1] INFO  Unity: MapEntityUpdateResponse:Entity:1
   [8evt:None entity:(8:pos:(5068,4079,820),dir:(24,97,0),spd:300

2023-06-18 09:55:51,456 [ 1] INFO  Unity: OnEntityChanged :ID:8 POS:(5074, 4109, 820) DIR:(4, 100, 0) SPD:300 
2023-06-18 09:55:51,456 [ 1] INFO  Unity: MapEntityUpdateResponse:Entity:1
   [8evt:None entity:(8:pos:(5074,4109,820),dir:(4,100,0),spd:300

2023-06-18 09:55:51,558 [ 1] INFO  Unity: OnEntityChanged :ID:8 POS:(5074, 4139, 820) DIR:(-16, 99, 0) SPD:300 
2023-06-18 09:55:51,558 [ 1] INFO  Unity: MapEntityUpdateResponse:Entity:1
   [8evt:None entity:(8:pos:(5074,4139,820),dir:(-16,99,0),spd:300

2023-06-18 09:55:51,710 [ 1] INFO  Unity: OnEntityChanged :ID:8 POS:(5065, 4184, 820) DIR:(-33, 94, 0) SPD:300 
2023-06-18 09:55:51,710 [ 1] INFO  Unity: MapEntityUpdateResponse:Entity:1
   [8evt:None entity:(8:pos:(5065,4184,820),dir:(-33,94,0),spd:300

2023-06-18 09:55:51,995 [ 1] INFO  Unity: OnEntityChanged :ID:8 POS:(5031, 4269, 820) DIR:(-33, 94, 0) SPD:0 
2023-06-18 09:55:51,995 [ 1] INFO  Unity: MapEntityUpdateResponse:Entity:1
   [8evt:Idle entity:(8:pos:(5031,4269,820),dir:(-33,94,0),spd:0

2023-06-18 09:55:53,219 [ 1] INFO  Unity: MoveForward
2023-06-18 09:55:53,219 [ 1] INFO  Unity: MapEnityUpdateRequest:ID7 POS:(5040,4036,820) DIR:(57,82,0) SPD300
2023-06-18 09:55:53,656 [ 1] INFO  Unity: SetDirection:(41, 91, 0)
2023-06-18 09:55:53,656 [ 1] INFO  Unity: MapEnityUpdateRequest:ID7 POS:(5118,4140,820) DIR:(41,91,0) SPD300
2023-06-18 09:55:53,790 [ 1] INFO  Unity: SetDirection:(22, 98, 0)
2023-06-18 09:55:53,790 [ 1] INFO  Unity: MapEnityUpdateRequest:ID7 POS:(5134,4180,820) DIR:(22,98,0) SPD300
2023-06-18 09:55:53,855 [ 1] INFO  Unity: Stop
2023-06-18 09:55:53,855 [ 1] INFO  Unity: MapEnityUpdateRequest:ID7 POS:(5138,4200,820) DIR:(22,98,0) SPD0
2023-06-18 09:55:53,891 [ 1] INFO  Unity: SetDirection:(1, 100, 0)
2023-06-18 09:55:53,891 [ 1] INFO  Unity: MapEnityUpdateRequest:ID7 POS:(5138,4200,820) DIR:(1,100,0) SPD0
2023-06-18 09:55:53,990 [ 1] INFO  Unity: SetDirection:(-18, 98, 0)
2023-06-18 09:55:53,990 [ 1] INFO  Unity: MapEnityUpdateRequest:ID7 POS:(5138,4200,820) DIR:(-18,98,0) SPD0
2023-06-18 09:55:54,122 [ 1] INFO  Unity: SetDirection:(-35, 94, 0)
2023-06-18 09:55:54,122 [ 1] INFO  Unity: MapEnityUpdateRequest:ID7 POS:(5138,4200,820) DIR:(-35,94,0) SPD0
2023-06-18 09:55:56,528 [ 1] INFO  Unity: MoveForward
2023-06-18 09:55:56,528 [ 1] INFO  Unity: MapEnityUpdateRequest:ID7 POS:(5138,4200,820) DIR:(-35,94,0) SPD300
2023-06-18 09:55:56,813 [ 1] INFO  Unity: Stop
2023-06-18 09:55:56,813 [ 1] INFO  Unity: MapEnityUpdateRequest:ID7 POS:(5104,4285,820) DIR:(-35,94,0) SPD0
2023-06-18 09:55:57,298 [ 1] INFO  Unity: MoveForward
2023-06-18 09:55:57,298 [ 1] INFO  Unity: MapEnityUpdateRequest:ID7 POS:(5104,4285,820) DIR:(-35,94,0) SPD300
2023-06-18 09:55:57,728 [ 1] INFO  Unity: Stop
2023-06-18 09:55:57,728 [ 1] INFO  Unity: MapEnityUpdateRequest:ID7 POS:(5052,4415,820) DIR:(-35,94,0) SPD0
2023-06-18 09:55:57,850 [ 1] INFO  Unity: MoveBack
2023-06-18 09:55:57,850 [ 1] INFO  Unity: MapEnityUpdateRequest:ID7 POS:(5052,4415,820) DIR:(-35,94,0) SPD-300
2023-06-18 09:55:59,582 [ 1] INFO  Unity: SetPosition:(5232, 3934, 806)
2023-06-18 09:55:59,583 [ 1] INFO  Unity: MapEnityUpdateRequest:ID7 POS:(5232,3934,806) DIR:(-35,94,0) SPD-300
2023-06-18 09:56:00,637 [ 1] INFO  Unity: Stop
2023-06-18 09:56:00,637 [ 1] INFO  Unity: MapEnityUpdateRequest:ID7 POS:(5358,3619,806) DIR:(-35,94,0) SPD0
2023-06-18 09:56:00,788 [ 1] INFO  Unity: MoveForward
2023-06-18 09:56:00,788 [ 1] INFO  Unity: MapEnityUpdateRequest:ID7 POS:(5358,3619,806) DIR:(-35,94,0) SPD300
2023-06-18 09:56:00,790 [ 1] INFO  Unity: SetPosition:(5332, 3666, 806)
2023-06-18 09:56:00,790 [ 1] INFO  Unity: MapEnityUpdateRequest:ID7 POS:(5332,3666,806) DIR:(-35,94,0) SPD300
2023-06-18 09:56:01,285 [ 1] INFO  Unity: Stop
2023-06-18 09:56:01,285 [ 1] INFO  Unity: MapEnityUpdateRequest:ID7 POS:(5272,3816,806) DIR:(-35,94,0) SPD0
2023-06-18 09:56:03,383 [ 1] INFO  Unity: OnEntityChanged :ID:8 POS:(5031, 4269, 820) DIR:(-33, 94, 0) SPD:300 
2023-06-18 09:56:03,383 [ 1] INFO  Unity: MapEntityUpdateResponse:Entity:1
   [8evt:MoveFwd entity:(8:pos:(5031,4269,820),dir:(-33,94,0),spd:300

2023-06-18 09:56:03,934 [ 1] INFO  Unity: OnEntityChanged :ID:8 POS:(4965, 4434, 820) DIR:(-49, 87, 0) SPD:300 
2023-06-18 09:56:03,934 [ 1] INFO  Unity: MapEntityUpdateResponse:Entity:1
   [8evt:None entity:(8:pos:(4965,4434,820),dir:(-49,87,0),spd:300

2023-06-18 09:56:04,050 [ 1] INFO  Unity: OnEntityChanged :ID:8 POS:(4951, 4462, 820) DIR:(-65, 76, 0) SPD:300 
2023-06-18 09:56:04,050 [ 1] INFO  Unity: MapEntityUpdateResponse:Entity:1
   [8evt:None entity:(8:pos:(4951,4462,820),dir:(-65,76,0),spd:300

2023-06-18 09:56:04,115 [ 1] INFO  Unity: OnEntityChanged :ID:8 POS:(4939, 4478, 820) DIR:(-65, 76, 0) SPD:0 
2023-06-18 09:56:04,115 [ 1] INFO  Unity: MapEntityUpdateResponse:Entity:1
   [8evt:Idle entity:(8:pos:(4939,4478,820),dir:(-65,76,0),spd:0

2023-06-18 09:56:04,134 [ 1] INFO  Unity: OnEntityChanged :ID:8 POS:(4939, 4478, 820) DIR:(-77, 63, 0) SPD:0 
2023-06-18 09:56:04,134 [ 1] INFO  Unity: MapEntityUpdateResponse:Entity:1
   [8evt:None entity:(8:pos:(4939,4478,820),dir:(-77,63,0),spd:0

2023-06-18 09:56:04,219 [ 1] INFO  Unity: OnEntityChanged :ID:8 POS:(4939, 4478, 820) DIR:(-87, 49, 0) SPD:0 
2023-06-18 09:56:04,219 [ 1] INFO  Unity: MapEntityUpdateResponse:Entity:1
   [8evt:None entity:(8:pos:(4939,4478,820),dir:(-87,49,0),spd:0

2023-06-18 09:56:04,303 [ 1] INFO  Unity: OnEntityChanged :ID:8 POS:(4939, 4478, 820) DIR:(-94, 33, 0) SPD:0 
2023-06-18 09:56:04,304 [ 1] INFO  Unity: MapEntityUpdateResponse:Entity:1
   [8evt:None entity:(8:pos:(4939,4478,820),dir:(-94,33,0),spd:0

2023-06-18 09:56:04,382 [ 1] INFO  Unity: OnEntityChanged :ID:8 POS:(4939, 4478, 820) DIR:(-99, 16, 0) SPD:0 
2023-06-18 09:56:04,382 [ 1] INFO  Unity: MapEntityUpdateResponse:Entity:1
   [8evt:None entity:(8:pos:(4939,4478,820),dir:(-99,16,0),spd:0

2023-06-18 09:56:04,486 [ 1] INFO  Unity: OnEntityChanged :ID:8 POS:(4939, 4478, 820) DIR:(-100, -5, 0) SPD:0 
2023-06-18 09:56:04,486 [ 1] INFO  Unity: MapEntityUpdateResponse:Entity:1
   [8evt:None entity:(8:pos:(4939,4478,820),dir:(-100,-5,0),spd:0

2023-06-18 09:56:04,590 [ 1] INFO  Unity: OnEntityChanged :ID:8 POS:(4939, 4478, 820) DIR:(-97, -25, 0) SPD:0 
2023-06-18 09:56:04,590 [ 1] INFO  Unity: MapEntityUpdateResponse:Entity:1
   [8evt:None entity:(8:pos:(4939,4478,820),dir:(-97,-25,0),spd:0

2023-06-18 09:56:04,667 [ 1] INFO  Unity: OnEntityChanged :ID:8 POS:(4939, 4478, 820) DIR:(-91, -42, 0) SPD:0 
2023-06-18 09:56:04,668 [ 1] INFO  Unity: MapEntityUpdateResponse:Entity:1
   [8evt:None entity:(8:pos:(4939,4478,820),dir:(-91,-42,0),spd:0

2023-06-18 09:56:04,765 [ 1] INFO  Unity: OnEntityChanged :ID:8 POS:(4939, 4478, 820) DIR:(-80, -60, 0) SPD:0 
2023-06-18 09:56:04,765 [ 1] INFO  Unity: MapEntityUpdateResponse:Entity:1
   [8evt:None entity:(8:pos:(4939,4478,820),dir:(-80,-60,0),spd:0

2023-06-18 09:56:04,885 [ 1] INFO  Unity: OnEntityChanged :ID:8 POS:(4939, 4478, 820) DIR:(-68, -74, 0) SPD:0 
2023-06-18 09:56:04,885 [ 1] INFO  Unity: MapEntityUpdateResponse:Entity:1
   [8evt:None entity:(8:pos:(4939,4478,820),dir:(-68,-74,0),spd:0

2023-06-18 09:56:09,103 [ 1] INFO  Unity: SetDirection:(-52, 85, 0)
2023-06-18 09:56:09,104 [ 1] INFO  Unity: MapEnityUpdateRequest:ID7 POS:(5272,3816,806) DIR:(-52,85,0) SPD0
2023-06-18 09:56:09,267 [ 1] INFO  Unity: SetDirection:(-66, 75, 0)
2023-06-18 09:56:09,267 [ 1] INFO  Unity: MapEnityUpdateRequest:ID7 POS:(5272,3816,806) DIR:(-66,75,0) SPD0
2023-06-18 09:56:09,503 [ 1] INFO  Unity: MoveForward
2023-06-18 09:56:09,503 [ 1] INFO  Unity: MapEnityUpdateRequest:ID7 POS:(5272,3816,806) DIR:(-66,75,0) SPD300
2023-06-18 09:56:09,722 [ 1] INFO  Unity: Stop
2023-06-18 09:56:09,722 [ 1] INFO  Unity: MapEnityUpdateRequest:ID7 POS:(5233,3868,806) DIR:(-66,75,0) SPD0
2023-06-18 09:56:13,321 [ 1] INFO  Unity: OnEntityChanged :ID:8 POS:(4939, 4478, 820) DIR:(-81, -58, 0) SPD:0 
2023-06-18 09:56:13,321 [ 1] INFO  Unity: MapEntityUpdateResponse:Entity:1
   [8evt:None entity:(8:pos:(4939,4478,820),dir:(-81,-58,0),spd:0

2023-06-18 09:56:13,418 [ 1] INFO  Unity: OnEntityChanged :ID:8 POS:(4939, 4478, 820) DIR:(-92, -40, 0) SPD:0 
2023-06-18 09:56:13,418 [ 1] INFO  Unity: MapEntityUpdateResponse:Entity:1
   [8evt:None entity:(8:pos:(4939,4478,820),dir:(-92,-40,0),spd:0

2023-06-18 09:56:13,516 [ 1] INFO  Unity: OnEntityChanged :ID:8 POS:(4939, 4478, 820) DIR:(-98, -20, 0) SPD:0 
2023-06-18 09:56:13,516 [ 1] INFO  Unity: MapEntityUpdateResponse:Entity:1
   [8evt:None entity:(8:pos:(4939,4478,820),dir:(-98,-20,0),spd:0

2023-06-18 09:56:13,570 [ 1] INFO  Unity: OnEntityChanged :ID:8 POS:(4939, 4478, 820) DIR:(-98, -20, 0) SPD:300 
2023-06-18 09:56:13,570 [ 1] INFO  Unity: MapEntityUpdateResponse:Entity:1
   [8evt:MoveFwd entity:(8:pos:(4939,4478,820),dir:(-98,-20,0),spd:300

2023-06-18 09:56:13,619 [ 1] INFO  Unity: OnEntityChanged :ID:8 POS:(4924, 4475, 820) DIR:(-100, 0, 0) SPD:300 
2023-06-18 09:56:13,619 [ 1] INFO  Unity: MapEntityUpdateResponse:Entity:1
   [8evt:None entity:(8:pos:(4924,4475,820),dir:(-100,0,0),spd:300

2023-06-18 09:56:13,703 [ 1] INFO  Unity: OnEntityChanged :ID:8 POS:(4899, 4475, 820) DIR:(-98, 17, 0) SPD:300 
2023-06-18 09:56:13,703 [ 1] INFO  Unity: MapEntityUpdateResponse:Entity:1
   [8evt:None entity:(8:pos:(4899,4475,820),dir:(-98,17,0),spd:300

2023-06-18 09:56:13,819 [ 1] INFO  Unity: OnEntityChanged :ID:8 POS:(4864, 4482, 820) DIR:(-94, 35, 0) SPD:300 
2023-06-18 09:56:13,819 [ 1] INFO  Unity: MapEntityUpdateResponse:Entity:1
   [8evt:None entity:(8:pos:(4864,4482,820),dir:(-94,35,0),spd:300

2023-06-18 09:56:14,709 [ 1] INFO  Unity: OnEntityChanged :ID:8 POS:(4635, 4556, 806) DIR:(-94, 35, 0) SPD:300 
2023-06-18 09:56:14,709 [ 1] INFO  Unity: MapEntityUpdateResponse:Entity:1
   [8evt:None entity:(8:pos:(4635,4556,806),dir:(-94,35,0),spd:300

2023-06-18 09:56:14,988 [ 1] INFO  Unity: OnEntityChanged :ID:8 POS:(4550, 4590, 806) DIR:(-86, 51, 0) SPD:300 
2023-06-18 09:56:14,988 [ 1] INFO  Unity: MapEntityUpdateResponse:Entity:1
   [8evt:None entity:(8:pos:(4550,4590,806),dir:(-86,51,0),spd:300

2023-06-18 09:56:16,516 [ 1] INFO  Unity: OnEntityChanged :ID:8 POS:(4162, 4819, 807) DIR:(-86, 51, 0) SPD:300 
2023-06-18 09:56:16,516 [ 1] INFO  Unity: MapEntityUpdateResponse:Entity:1
   [8evt:None entity:(8:pos:(4162,4819,807),dir:(-86,51,0),spd:300

2023-06-18 09:56:18,067 [ 1] INFO  Unity: OnEntityChanged :ID:8 POS:(3762, 5056, 807) DIR:(-86, 51, 0) SPD:300 
2023-06-18 09:56:18,067 [ 1] INFO  Unity: MapEntityUpdateResponse:Entity:1
   [8evt:None entity:(8:pos:(3762,5056,807),dir:(-86,51,0),spd:300

2023-06-18 09:56:18,466 [ 1] INFO  Unity: OnEntityChanged :ID:8 POS:(3666, 5128, 807) DIR:(-86, 51, 0) SPD:0 
2023-06-18 09:56:18,466 [ 1] INFO  Unity: MapEntityUpdateResponse:Entity:1
   [8evt:Idle entity:(8:pos:(3666,5128,807),dir:(-86,51,0),spd:0

2023-06-18 09:56:49,985 [ 1] INFO  Unity: Character_1_666 OnDestroy :ID:7 POS:(5233, 3868, 806) DIR:(-66, 75, 0) SPD:0 
2023-06-18 09:56:49,985 [ 1] INFO  Unity: Character_2_dada OnDestroy :ID:8 POS:(3666, 5128, 807) DIR:(-86, 51, 0) SPD:0 
2023-06-18 09:56:49,986 [ 1] INFO  Unity: OnDestroy NetworkManager.
2023-06-18 09:56:49,987 [ 1] WARN  Unity: CloseConnection(), errorCode: 1007

